\BOOKMARK [0][-]{section*.1}{Indice}{}% 1
\BOOKMARK [0][-]{chapter*.2}{Piano della guida}{}% 2
\BOOKMARK [0][-]{chapter.1}{La riga di comando}{}% 3
\BOOKMARK [1][-]{section.1.1}{Il concetto di base}{chapter.1}% 4
\BOOKMARK [1][-]{section.1.2}{Primi comandi}{chapter.1}% 5
\BOOKMARK [1][-]{section.1.3}{Avviare la riga di comando}{chapter.1}% 6
\BOOKMARK [2][-]{subsection.1.3.1}{La shell in Windows}{section.1.3}% 7
\BOOKMARK [2][-]{subsection.1.3.2}{La shell in Mac OS X}{section.1.3}% 8
\BOOKMARK [2][-]{subsection.1.3.3}{I sistemi operativi Linux}{section.1.3}% 9
\BOOKMARK [0][-]{chapter.2}{La shell}{}% 10
\BOOKMARK [1][-]{section.2.1}{La directory di lavoro}{chapter.2}% 11
\BOOKMARK [1][-]{section.2.2}{Variabili d'ambiente}{chapter.2}% 12
\BOOKMARK [1][-]{section.2.3}{Il path di sistema}{chapter.2}% 13
\BOOKMARK [2][-]{subsection.2.3.1}{Modificare il PATH in Windows.}{section.2.3}% 14
\BOOKMARK [2][-]{subsection.2.3.2}{Modificare il PATH in Linux.}{section.2.3}% 15
\BOOKMARK [2][-]{subsection.2.3.3}{Non modificare il PATH in Mac OS X.}{section.2.3}% 16
\BOOKMARK [0][-]{chapter.3}{Esercitazioni}{}% 17
\BOOKMARK [1][-]{section.3.1}{Cambiare directory di lavoro}{chapter.3}% 18
\BOOKMARK [1][-]{section.3.2}{Elencare i file}{chapter.3}% 19
\BOOKMARK [1][-]{section.3.3}{Spostare o copiare file}{chapter.3}% 20
\BOOKMARK [1][-]{section.3.4}{Rinominare file}{chapter.3}% 21
\BOOKMARK [1][-]{section.3.5}{Verificare l'installazione TeX}{chapter.3}% 22
\BOOKMARK [1][-]{section.3.6}{Compilare un documento sorgente}{chapter.3}% 23
\BOOKMARK [2][-]{subsection.3.6.1}{L'opzione -shell-escape}{section.3.6}% 24
\BOOKMARK [1][-]{section.3.7}{Documentarsi con texdoc}{chapter.3}% 25
\BOOKMARK [1][-]{section.3.8}{Gestione di TeX Live}{chapter.3}% 26
\BOOKMARK [0][-]{chapter.4}{Argomenti avanzati}{}% 27
\BOOKMARK [1][-]{section.4.1}{Espressioni regolari}{chapter.4}% 28
\BOOKMARK [2][-]{subsection.4.1.1}{Rinominare file}{section.4.1}% 29
\BOOKMARK [2][-]{subsection.4.1.2}{Correzione massiva di sorgenti}{section.4.1}% 30
\BOOKMARK [0][-]{chapter*.7}{Note su questa guida}{}% 31
\BOOKMARK [1][-]{section*.8}{Licenza d'uso}{chapter*.7}% 32
\BOOKMARK [1][-]{section*.9}{Colophon}{chapter*.7}% 33
\BOOKMARK [1][-]{section*.10}{Collaborazione e ringraziamenti}{chapter*.7}% 34
